\BOOKMARK [0][-]{chapter.1}{toالفاتحةالفاتحة }{}% 1
\BOOKMARK [0][-]{chapter.2}{toالبقرةالبقرة }{}% 2
\BOOKMARK [0][-]{chapter.3}{toآل عمرانآل عمران }{}% 3
\BOOKMARK [0][-]{chapter.4}{toالنساءالنساء }{}% 4
\BOOKMARK [0][-]{chapter.5}{toالمائدةالمائدة }{}% 5
\BOOKMARK [0][-]{chapter.6}{toالأنعامالأنعام }{}% 6
\BOOKMARK [0][-]{chapter.7}{toالأعرافالأعراف }{}% 7
\BOOKMARK [0][-]{chapter.8}{toالأنفالالأنفال }{}% 8
\BOOKMARK [0][-]{chapter.9}{toالتوبةالتوبة }{}% 9
\BOOKMARK [0][-]{chapter.10}{toيونسيونس }{}% 10
\BOOKMARK [0][-]{chapter.11}{toهودهود }{}% 11
\BOOKMARK [0][-]{chapter.12}{toيوسفيوسف }{}% 12
\BOOKMARK [0][-]{chapter.13}{toالرعدالرعد }{}% 13
\BOOKMARK [0][-]{chapter.14}{toإبراهيمإبراهيم }{}% 14
\BOOKMARK [0][-]{chapter.15}{toالحجرالحجر }{}% 15
\BOOKMARK [0][-]{chapter.16}{toالنحلالنحل }{}% 16
\BOOKMARK [0][-]{chapter.17}{toالإسراءالإسراء }{}% 17
\BOOKMARK [0][-]{chapter.18}{toالكهفالكهف }{}% 18
\BOOKMARK [0][-]{chapter.19}{toمريممريم }{}% 19
\BOOKMARK [0][-]{chapter.20}{toطهطه }{}% 20
\BOOKMARK [0][-]{chapter.21}{toالأنبياءالأنبياء }{}% 21
\BOOKMARK [0][-]{chapter.22}{toالحجالحج }{}% 22
\BOOKMARK [0][-]{chapter.23}{toالمؤمنونالمؤمنون }{}% 23
\BOOKMARK [0][-]{chapter.24}{toالنورالنور }{}% 24
\BOOKMARK [0][-]{chapter.25}{toالفرقانالفرقان }{}% 25
\BOOKMARK [0][-]{chapter.26}{toالشعراءالشعراء }{}% 26
\BOOKMARK [0][-]{chapter.27}{toالنملالنمل }{}% 27
\BOOKMARK [0][-]{chapter.28}{toالقصصالقصص }{}% 28
\BOOKMARK [0][-]{chapter.29}{toالعنكبوتالعنكبوت }{}% 29
\BOOKMARK [0][-]{chapter.30}{toالرومالروم }{}% 30
\BOOKMARK [0][-]{chapter.31}{toلقمانلقمان }{}% 31
\BOOKMARK [0][-]{chapter.32}{toالسجدةالسجدة }{}% 32
\BOOKMARK [0][-]{chapter.33}{toالأحزابالأحزاب }{}% 33
\BOOKMARK [0][-]{chapter.34}{toسبأسبأ }{}% 34
\BOOKMARK [0][-]{chapter.35}{toفاطرفاطر }{}% 35
\BOOKMARK [0][-]{chapter.36}{toيسيس }{}% 36
\BOOKMARK [0][-]{chapter.37}{toالصافاتالصافات }{}% 37
\BOOKMARK [0][-]{chapter.38}{toصص }{}% 38
\BOOKMARK [0][-]{chapter.39}{toالزمرالزمر }{}% 39
\BOOKMARK [0][-]{chapter.40}{toغافرغافر }{}% 40
\BOOKMARK [0][-]{chapter.41}{toفصلتفصلت }{}% 41
\BOOKMARK [0][-]{chapter.42}{toالشورىالشورى }{}% 42
\BOOKMARK [0][-]{chapter.43}{toالزخرفالزخرف }{}% 43
\BOOKMARK [0][-]{chapter.44}{toالدخانالدخان }{}% 44
\BOOKMARK [0][-]{chapter.45}{toالجاثيةالجاثية }{}% 45
\BOOKMARK [0][-]{chapter.46}{toالأحقافالأحقاف }{}% 46
\BOOKMARK [0][-]{chapter.47}{toمحمدمحمد }{}% 47
\BOOKMARK [0][-]{chapter.48}{toالفتحالفتح }{}% 48
\BOOKMARK [0][-]{chapter.49}{toالحجراتالحجرات }{}% 49
\BOOKMARK [0][-]{chapter.50}{toقق }{}% 50
\BOOKMARK [0][-]{chapter.51}{toالذارياتالذاريات }{}% 51
\BOOKMARK [0][-]{chapter.52}{toالطورالطور }{}% 52
\BOOKMARK [0][-]{chapter.53}{toالنجمالنجم }{}% 53
\BOOKMARK [0][-]{chapter.54}{toالقمرالقمر }{}% 54
\BOOKMARK [0][-]{chapter.55}{toالرحمنالرحمن }{}% 55
\BOOKMARK [0][-]{chapter.56}{toالواقعةالواقعة }{}% 56
\BOOKMARK [0][-]{chapter.57}{toالحديدالحديد }{}% 57
\BOOKMARK [0][-]{chapter.58}{toالمجادلةالمجادلة }{}% 58
\BOOKMARK [0][-]{chapter.59}{toالحشرالحشر }{}% 59
\BOOKMARK [0][-]{chapter.60}{toالممتحنةالممتحنة }{}% 60
\BOOKMARK [0][-]{chapter.61}{toالصفالصف }{}% 61
\BOOKMARK [0][-]{chapter.62}{toالجمعةالجمعة }{}% 62
\BOOKMARK [0][-]{chapter.63}{toالمنافقونالمنافقون }{}% 63
\BOOKMARK [0][-]{chapter.64}{toالتغابنالتغابن }{}% 64
\BOOKMARK [0][-]{chapter.65}{toالطلاقالطلاق }{}% 65
\BOOKMARK [0][-]{chapter.66}{toالتحريمالتحريم }{}% 66
\BOOKMARK [0][-]{chapter.67}{toالملكالملك }{}% 67
\BOOKMARK [0][-]{chapter.68}{toالقلمالقلم }{}% 68
\BOOKMARK [0][-]{chapter.69}{toالحاقةالحاقة }{}% 69
\BOOKMARK [0][-]{chapter.70}{toالمعارجالمعارج }{}% 70
\BOOKMARK [0][-]{chapter.71}{toنوحنوح }{}% 71
\BOOKMARK [0][-]{chapter.72}{toالجنالجن }{}% 72
\BOOKMARK [0][-]{chapter.73}{toالمزملالمزمل }{}% 73
\BOOKMARK [0][-]{chapter.74}{toالمدثرالمدثر }{}% 74
\BOOKMARK [0][-]{chapter.75}{toالقيامةالقيامة }{}% 75
\BOOKMARK [0][-]{chapter.76}{toالإنسانالإنسان }{}% 76
\BOOKMARK [0][-]{chapter.77}{toالمرسلاتالمرسلات }{}% 77
\BOOKMARK [0][-]{chapter.78}{toالنبأالنبأ }{}% 78
\BOOKMARK [0][-]{chapter.79}{toالنازعاتالنازعات }{}% 79
\BOOKMARK [0][-]{chapter.80}{toعبسعبس }{}% 80
\BOOKMARK [0][-]{chapter.81}{toالتكويرالتكوير }{}% 81
\BOOKMARK [0][-]{chapter.82}{toالإنفطارالإنفطار }{}% 82
\BOOKMARK [0][-]{chapter.83}{toالمطففينالمطففين }{}% 83
\BOOKMARK [0][-]{chapter.84}{toالانشقاقالانشقاق }{}% 84
\BOOKMARK [0][-]{chapter.85}{toالبروجالبروج }{}% 85
\BOOKMARK [0][-]{chapter.86}{toالطارقالطارق }{}% 86
\BOOKMARK [0][-]{chapter.87}{toالأعلىالأعلى }{}% 87
\BOOKMARK [0][-]{chapter.88}{toالغاشيةالغاشية }{}% 88
\BOOKMARK [0][-]{chapter.89}{toالفجرالفجر }{}% 89
\BOOKMARK [0][-]{chapter.90}{toالبلدالبلد }{}% 90
\BOOKMARK [0][-]{chapter.91}{toالشمسالشمس }{}% 91
\BOOKMARK [0][-]{chapter.92}{toالليلالليل }{}% 92
\BOOKMARK [0][-]{chapter.93}{toالضحىالضحى }{}% 93
\BOOKMARK [0][-]{chapter.94}{toالشرحالشرح }{}% 94
\BOOKMARK [0][-]{chapter.95}{toالتينالتين }{}% 95
\BOOKMARK [0][-]{chapter.96}{toالعلقالعلق }{}% 96
\BOOKMARK [0][-]{chapter.97}{toالقدرالقدر }{}% 97
\BOOKMARK [0][-]{chapter.98}{toالبينةالبينة }{}% 98
\BOOKMARK [0][-]{chapter.99}{toالزلزلةالزلزلة }{}% 99
\BOOKMARK [0][-]{chapter.100}{toالعادياتالعاديات }{}% 100
\BOOKMARK [0][-]{chapter.101}{toالقارعةالقارعة }{}% 101
\BOOKMARK [0][-]{chapter.102}{toالتكاثرالتكاثر }{}% 102
\BOOKMARK [0][-]{chapter.103}{toالعصرالعصر }{}% 103
\BOOKMARK [0][-]{chapter.104}{toالهمزةالهمزة }{}% 104
\BOOKMARK [0][-]{chapter.105}{toالفيلالفيل }{}% 105
\BOOKMARK [0][-]{chapter.106}{toقريشقريش }{}% 106
\BOOKMARK [0][-]{chapter.107}{toالماعونالماعون }{}% 107
\BOOKMARK [0][-]{chapter.108}{toالكوثرالكوثر }{}% 108
\BOOKMARK [0][-]{chapter.109}{toالكافرونالكافرون }{}% 109
\BOOKMARK [0][-]{chapter.110}{toالنصرالنصر }{}% 110
\BOOKMARK [0][-]{chapter.111}{toالمسدالمسد }{}% 111
\BOOKMARK [0][-]{chapter.112}{toالإخلاصالإخلاص }{}% 112
\BOOKMARK [0][-]{chapter.113}{toالفلقالفلق }{}% 113
\BOOKMARK [0][-]{chapter.114}{toالناس الناس  }{}% 114
